app/build/outputs/logs/manifest-merger-release-report.txt
-- Merging decision tree log ---
manifest
ADDED from src\main\AndroidManifest.xml:1:1-170:12
	package
		ADDED from src\main\AndroidManifest.xml:2:5-32
		INJECTED from src\main\AndroidManifest.xml
		INJECTED from src\main\AndroidManifest.xml
	android:versionName
		ADDED from src\main\AndroidManifest.xml:4:5-30
		INJECTED from src\main\AndroidManifest.xml
		INJECTED from src\main\AndroidManifest.xml
	android:versionCode
		ADDED from src\main\AndroidManifest.xml:3:5-28
		INJECTED from src\main\AndroidManifest.xml
		INJECTED from src\main\AndroidManifest.xml
	xmlns:android
		ADDED from src\main\AndroidManifest.xml:1:11-69
uses-sdk
ADDED from src\main\AndroidManifest.xml:6:5-8:41
MERGED from [com.zhy:okhttputils:2.0.0] AndroidManifest.xml:7:5-9:41
	android:targetSdkVersion
		ADDED from src\main\AndroidManifest.xml:8:9-38
		INJECTED from src\main\AndroidManifest.xml
		INJECTED from src\main\AndroidManifest.xml
	android:minSdkVersion
		ADDED from src\main\AndroidManifest.xml:7:9-35
		INJECTED from src\main\AndroidManifest.xml
		INJECTED from src\main\AndroidManifest.xml
application
ADDED from src\main\AndroidManifest.xml:10:5-142:19
MERGED from [com.zhy:okhttputils:2.0.0] AndroidManifest.xml:14:5-17:19
	android:label
		ADDED from src\main\AndroidManifest.xml:16:9-41
	android:allowBackup
		ADDED from src\main\AndroidManifest.xml:12:9-35
	android:icon
		ADDED from src\main\AndroidManifest.xml:15:9-41
	android:largeHeap
		ADDED from src\main\AndroidManifest.xml:14:9-33
	android:persistent
		ADDED from src\main\AndroidManifest.xml:13:9-34
	android:theme
		ADDED from src\main\AndroidManifest.xml:17:9-40
	android:name
		ADDED from src\main\AndroidManifest.xml:11:9-64
meta-data#UMENG_APPKEY
ADDED from src\main\AndroidManifest.xml:18:9-21:21
	android:value
		ADDED from src\main\AndroidManifest.xml:20:13-53
	android:name
		ADDED from src\main\AndroidManifest.xml:19:13-40
meta-data#UMENG_CHANNEL
ADDED from src\main\AndroidManifest.xml:22:9-24:42
	android:value
		ADDED from src\main\AndroidManifest.xml:24:13-39
	android:name
		ADDED from src\main\AndroidManifest.xml:23:13-41
activity#com.artgallery.activity.WelcomeActivity
ADDED from src\main\AndroidManifest.xml:26:9-35:20
	android:label
		ADDED from src\main\AndroidManifest.xml:29:13-45
	android:configChanges
		ADDED from src\main\AndroidManifest.xml:28:13-85
	android:name
		ADDED from src\main\AndroidManifest.xml:27:13-67
intent-filter#android.intent.action.MAIN+android.intent.category.LAUNCHER
ADDED from src\main\AndroidManifest.xml:30:13-34:29
action#android.intent.action.MAIN
ADDED from src\main\AndroidManifest.xml:31:17-69
	android:name
		ADDED from src\main\AndroidManifest.xml:31:25-66
category#android.intent.category.LAUNCHER
ADDED from src\main\AndroidManifest.xml:33:17-77
	android:name
		ADDED from src\main\AndroidManifest.xml:33:27-74
activity#com.artgallery.activity.LoginActivity
ADDED from src\main\AndroidManifest.xml:36:9-37:20
	android:name
		ADDED from src\main\AndroidManifest.xml:36:19-71
activity#com.artgallery.activity.MainActivity
ADDED from src\main\AndroidManifest.xml:38:9-39:20
	android:name
		ADDED from src\main\AndroidManifest.xml:38:19-70
activity#com.artgallery.activity.BookActivity
ADDED from src\main\AndroidManifest.xml:40:9-41:20
	android:name
		ADDED from src\main\AndroidManifest.xml:40:19-70
activity#com.artgallery.activity.BookContent
ADDED from src\main\AndroidManifest.xml:42:9-43:20
	android:name
		ADDED from src\main\AndroidManifest.xml:42:19-69
activity#com.artgallery.activity.BookTread
ADDED from src\main\AndroidManifest.xml:44:9-45:20
	android:name
		ADDED from src\main\AndroidManifest.xml:44:19-67
activity#com.artgallery.activity.ActiveActivity
ADDED from src\main\AndroidManifest.xml:46:9-47:20
	android:name
		ADDED from src\main\AndroidManifest.xml:46:19-72
activity#com.artgallery.activity.ActivityContent
ADDED from src\main\AndroidManifest.xml:48:9-49:20
	android:name
		ADDED from src\main\AndroidManifest.xml:48:19-73
activity#com.artgallery.activity.CultrueActivity
ADDED from src\main\AndroidManifest.xml:50:9-53:20
	android:hardwareAccelerated
		ADDED from src\main\AndroidManifest.xml:52:13-47
	android:name
		ADDED from src\main\AndroidManifest.xml:51:13-67
activity#com.artgallery.activity.VideoActivity
ADDED from src\main\AndroidManifest.xml:54:9-55:20
	android:name
		ADDED from src\main\AndroidManifest.xml:54:19-71
activity#com.artgallery.activity.VideoContent
ADDED from src\main\AndroidManifest.xml:56:9-57:20
	android:name
		ADDED from src\main\AndroidManifest.xml:56:19-70
activity#com.artgallery.activity.VideoContent2
ADDED from src\main\AndroidManifest.xml:58:9-59:20
	android:name
		ADDED from src\main\AndroidManifest.xml:58:19-71
activity#com.artgallery.activity.VideoWeb
ADDED from src\main\AndroidManifest.xml:60:9-61:20
	android:name
		ADDED from src\main\AndroidManifest.xml:60:19-66
activity#com.artgallery.activity.VideoWeb2
ADDED from src\main\AndroidManifest.xml:62:9-63:20
	android:name
		ADDED from src\main\AndroidManifest.xml:62:19-67
activity#com.artgallery.activity.WorkActivity
ADDED from src\main\AndroidManifest.xml:64:9-65:20
	android:name
		ADDED from src\main\AndroidManifest.xml:64:19-70
activity#com.artgallery.activity.WorkContent
ADDED from src\main\AndroidManifest.xml:66:9-67:20
	android:name
		ADDED from src\main\AndroidManifest.xml:66:19-69
activity#com.artgallery.activity.MapActivity
ADDED from src\main\AndroidManifest.xml:68:9-69:20
	android:name
		ADDED from src\main\AndroidManifest.xml:68:19-69
activity#com.artgallery.activity.MapContent
ADDED from src\main\AndroidManifest.xml:70:9-71:20
	android:name
		ADDED from src\main\AndroidManifest.xml:70:19-68
activity#com.artgallery.activity.KCBActivity
ADDED from src\main\AndroidManifest.xml:72:9-73:20
	android:name
		ADDED from src\main\AndroidManifest.xml:72:19-69
activity#com.artgallery.activity.KCBListActivity
ADDED from src\main\AndroidManifest.xml:74:9-75:20
	android:name
		ADDED from src\main\AndroidManifest.xml:74:19-73
activity#com.artgallery.activity.GuoXueActivity
ADDED from src\main\AndroidManifest.xml:76:9-77:20
	android:name
		ADDED from src\main\AndroidManifest.xml:76:19-72
activity#com.artgallery.activity.MsgActivity
ADDED from src\main\AndroidManifest.xml:78:9-81:20
	android:hardwareAccelerated
		ADDED from src\main\AndroidManifest.xml:80:13-47
	android:name
		ADDED from src\main\AndroidManifest.xml:79:13-63
activity#com.artgallery.activity.TestActivity
ADDED from src\main\AndroidManifest.xml:82:9-85:20
	android:hardwareAccelerated
		ADDED from src\main\AndroidManifest.xml:84:13-47
	android:name
		ADDED from src\main\AndroidManifest.xml:83:13-64
activity#com.artgallery.activity.MsgSupActivity
ADDED from src\main\AndroidManifest.xml:86:9-87:20
	android:name
		ADDED from src\main\AndroidManifest.xml:86:19-72
activity#com.artgallery.activity.DepartmentActivity
ADDED from src\main\AndroidManifest.xml:88:9-89:20
	android:name
		ADDED from src\main\AndroidManifest.xml:88:19-76
activity#com.artgallery.activity.HelpActivity
ADDED from src\main\AndroidManifest.xml:90:9-91:20
	android:name
		ADDED from src\main\AndroidManifest.xml:90:19-70
activity#com.artgallery.activity.DepartmentContent
ADDED from src\main\AndroidManifest.xml:92:9-95:20
	android:hardwareAccelerated
		ADDED from src\main\AndroidManifest.xml:94:13-47
	android:name
		ADDED from src\main\AndroidManifest.xml:93:13-69
activity#com.artgallery.activity.BenGuanZiYuanActivity
ADDED from src\main\AndroidManifest.xml:96:9-99:20
	android:hardwareAccelerated
		ADDED from src\main\AndroidManifest.xml:98:13-47
	android:name
		ADDED from src\main\AndroidManifest.xml:97:13-73
activity#com.artgallery.activity.OtherActivity
ADDED from src\main\AndroidManifest.xml:100:9-103:20
	android:hardwareAccelerated
		ADDED from src\main\AndroidManifest.xml:102:13-47
	android:name
		ADDED from src\main\AndroidManifest.xml:101:13-65
receiver#com.artgallery.service.OpenReceiver
ADDED from src\main\AndroidManifest.xml:106:9-110:20
	android:name
		ADDED from src\main\AndroidManifest.xml:106:19-69
intent-filter#com.fy.Open
ADDED from src\main\AndroidManifest.xml:107:13-109:29
action#com.fy.Open
ADDED from src\main\AndroidManifest.xml:108:17-54
	android:name
		ADDED from src\main\AndroidManifest.xml:108:25-51
receiver#com.artgallery.activity.MainActivity$exitReceiver
ADDED from src\main\AndroidManifest.xml:111:9-115:20
	android:name
		ADDED from src\main\AndroidManifest.xml:111:19-83
intent-filter#com.fy.exit
ADDED from src\main\AndroidManifest.xml:112:13-114:29
action#com.fy.exit
ADDED from src\main\AndroidManifest.xml:113:17-54
	android:name
		ADDED from src\main\AndroidManifest.xml:113:25-51
receiver#com.artgallery.activity.WelcomeActivity$WelcomeexitReceiver
ADDED from src\main\AndroidManifest.xml:116:9-120:20
	android:name
		ADDED from src\main\AndroidManifest.xml:116:19-93
receiver#com.artgallery.activity.MainActivity$WeatherReceiver
ADDED from src\main\AndroidManifest.xml:121:9-126:20
	android:name
		ADDED from src\main\AndroidManifest.xml:121:19-86
intent-filter#com.get.weather
ADDED from src\main\AndroidManifest.xml:122:13-125:29
action#com.get.weather
ADDED from src\main\AndroidManifest.xml:123:17-124:26
	android:name
		ADDED from src\main\AndroidManifest.xml:123:25-55
receiver#com.artgallery.tool.BootBroadcastReceiver
ADDED from src\main\AndroidManifest.xml:127:9-134:20
	android:name
		ADDED from src\main\AndroidManifest.xml:127:19-75
intent-filter#android.intent.action.BOOT_COMPLETED+android.intent.category.LAUNCHER
ADDED from src\main\AndroidManifest.xml:128:13-133:29
action#android.intent.action.BOOT_COMPLETED
ADDED from src\main\AndroidManifest.xml:129:17-130:26
	android:name
		ADDED from src\main\AndroidManifest.xml:129:25-76
service#com.artgallery.service.TimeService
ADDED from src\main\AndroidManifest.xml:136:9-137:19
	android:name
		ADDED from src\main\AndroidManifest.xml:136:18-67
service#com.artgallery.service.MsgService
ADDED from src\main\AndroidManifest.xml:138:9-139:19
	android:name
		ADDED from src\main\AndroidManifest.xml:138:18-66
service#com.artgallery.service.WeatherService
ADDED from src\main\AndroidManifest.xml:140:9-141:19
	android:name
		ADDED from src\main\AndroidManifest.xml:140:18-70
uses-permission#android.permission.STATUS_BAR
ADDED from src\main\AndroidManifest.xml:144:5-69
	android:name
		ADDED from src\main\AndroidManifest.xml:144:22-66
uses-permission#android.permission.EXPAND_STATUS_BAR
ADDED from src\main\AndroidManifest.xml:145:5-76
	android:name
		ADDED from src\main\AndroidManifest.xml:145:22-73
uses-permission#android.permission.WAKE_LOCK
ADDED from src\main\AndroidManifest.xml:146:5-68
	android:name
		ADDED from src\main\AndroidManifest.xml:146:22-65
uses-permission#android.permission.MOUNT_UNMOUNT_FILESYSTEMS
ADDED from src\main\AndroidManifest.xml:147:5-148:23
	android:name
		ADDED from src\main\AndroidManifest.xml:147:22-81
uses-permission#android.permission.READ_LOGS
ADDED from src\main\AndroidManifest.xml:149:5-150:23
	android:name
		ADDED from src\main\AndroidManifest.xml:149:22-65
uses-permission#android.permission.ACCESS_WIFI_STATE
ADDED from src\main\AndroidManifest.xml:151:5-76
	android:name
		ADDED from src\main\AndroidManifest.xml:151:22-73
uses-permission#android.permission.INTERNET
ADDED from src\main\AndroidManifest.xml:152:5-67
MERGED from [com.zhy:okhttputils:2.0.0] AndroidManifest.xml:11:5-67
	android:name
		ADDED from src\main\AndroidManifest.xml:152:22-64
uses-permission#android.permission.READ_PHONE_STATE
ADDED from src\main\AndroidManifest.xml:153:5-75
	android:name
		ADDED from src\main\AndroidManifest.xml:153:22-72
uses-permission#android.permission.WRITE_EXTERNAL_STORAGE
ADDED from src\main\AndroidManifest.xml:155:5-81
MERGED from [com.zhy:okhttputils:2.0.0] AndroidManifest.xml:12:5-81
	android:name
		ADDED from src\main\AndroidManifest.xml:155:22-78
uses-permission#android.permission.SYSTEM_ALERT_WINDOW
ADDED from src\main\AndroidManifest.xml:156:5-78
	android:name
		ADDED from src\main\AndroidManifest.xml:156:22-75
uses-permission#android.permission.INTERNAL_SYSTEM_WINDOW
ADDED from src\main\AndroidManifest.xml:157:5-81
	android:name
		ADDED from src\main\AndroidManifest.xml:157:22-78
uses-permission#android.permission.ACCESS_NETWORK_STATE
ADDED from src\main\AndroidManifest.xml:158:5-159:23
	android:name
		ADDED from src\main\AndroidManifest.xml:158:22-76
uses-permission#android.permission.GET_TASKS
ADDED from src\main\AndroidManifest.xml:162:5-163:23
	android:name
		ADDED from src\main\AndroidManifest.xml:162:22-65
uses-permission#android.permission.ACCESS_COARSE_LOCATION
ADDED from src\main\AndroidManifest.xml:164:5-165:23
	android:name
		ADDED from src\main\AndroidManifest.xml:164:22-78
uses-permission#android.permission.ACCESS_FINE_LOCATION
ADDED from src\main\AndroidManifest.xml:166:5-167:23
	android:name
		ADDED from src\main\AndroidManifest.xml:166:22-76
uses-permission#android.permission.RECEIVE_BOOT_COMPLETED
ADDED from src\main\AndroidManifest.xml:168:5-81
	android:name
		ADDED from src\main\AndroidManifest.xml:168:22-78